# JRE version: Java(TM) SE Runtime Environment (8.0_201-b09) (build 1.8.0_201-b09)
# Java VM: Java HotSpot(TM) 64-Bit Server VM (25.201-b09 mixed mode windows-amd64 compressed oops)
Heap:
 PSYoungGen      total 210944K, used 3205K [0x000000076ad80000, 0x0000000778a00000, 0x00000007c0000000)
  eden space 201728K, 1% used [0x000000076ad80000,0x000000076b0a14c8,0x0000000777280000)
  from space 9216K, 0% used [0x0000000778100000,0x0000000778100000,0x0000000778a00000)
  to   space 11776K, 0% used [0x0000000777300000,0x0000000777300000,0x0000000777e80000)
 ParOldGen       total 162816K, used 24892K [0x00000006c0800000, 0x00000006ca700000, 0x000000076ad80000)
  object space 162816K, 15% used [0x00000006c0800000,0x00000006c204f320,0x00000006ca700000)
 Metaspace       used 45111K, capacity 47180K, committed 47616K, reserved 1095680K
  class space    used 6385K, capacity 6786K, committed 6912K, reserved 1048576K
GC Heap History (10 events):
Event: 2.687 GC heap before
{Heap before GC invocations=7 (full 1):
 PSYoungGen      total 141824K, used 138985K [0x000000076ad80000, 0x0000000778c00000, 0x00000007c0000000)
  eden space 131072K, 100% used [0x000000076ad80000,0x0000000772d80000,0x0000000772d80000)
  from space 10752K, 73% used [0x0000000772d80000,0x000000077353a5b0,0x0000000773800000)
  to   space 11264K, 0% used [0x0000000778100000,0x0000000778100000,0x0000000778c00000)
 ParOldGen       total 97280K, used 5688K [0x00000006c0800000, 0x00000006c6700000, 0x000000076ad80000)
  object space 97280K, 5% used [0x00000006c0800000,0x00000006c0d8e208,0x00000006c6700000)
 Metaspace       used 29569K, capacity 31282K, committed 31616K, reserved 1077248K
  class space    used 4036K, capacity 4385K, committed 4480K, reserved 1048576K
Event: 2.693 GC heap after
Heap after GC invocations=7 (full 1):
 PSYoungGen      total 210944K, used 9015K [0x000000076ad80000, 0x0000000778a00000, 0x00000007c0000000)
  eden space 201728K, 0% used [0x000000076ad80000,0x000000076ad80000,0x0000000777280000)
  from space 9216K, 97% used [0x0000000778100000,0x00000007789cdf50,0x0000000778a00000)
  to   space 11776K, 0% used [0x0000000777300000,0x0000000777300000,0x0000000777e80000)
 ParOldGen       total 97280K, used 5696K [0x00000006c0800000, 0x00000006c6700000, 0x000000076ad80000)
  object space 97280K, 5% used [0x00000006c0800000,0x00000006c0d90208,0x00000006c6700000)
 Metaspace       used 29569K, capacity 31282K, committed 31616K, reserved 1077248K
  class space    used 4036K, capacity 4385K, committed 4480K, reserved 1048576K
}
Event: 2.964 GC heap before
{Heap before GC invocations=8 (full 1):
 PSYoungGen      total 210944K, used 54880K [0x000000076ad80000, 0x0000000778a00000, 0x00000007c0000000)
  eden space 201728K, 22% used [0x000000076ad80000,0x000000076da4a458,0x0000000777280000)
  from space 9216K, 97% used [0x0000000778100000,0x00000007789cdf50,0x0000000778a00000)
  to   space 11776K, 0% used [0x0000000777300000,0x0000000777300000,0x0000000777e80000)
 ParOldGen       total 97280K, used 5696K [0x00000006c0800000, 0x00000006c6700000, 0x000000076ad80000)
  object space 97280K, 5% used [0x00000006c0800000,0x00000006c0d90208,0x00000006c6700000)
 Metaspace       used 34152K, capacity 35982K, committed 36048K, reserved 1081344K
  class space    used 4595K, capacity 4973K, committed 4992K, reserved 1048576K
Event: 2.970 GC heap after
Heap after GC invocations=8 (full 1):
 PSYoungGen      total 213504K, used 11753K [0x000000076ad80000, 0x0000000778a00000, 0x00000007c0000000)
  eden space 201728K, 0% used [0x000000076ad80000,0x000000076ad80000,0x0000000777280000)
  from space 11776K, 99% used [0x0000000777300000,0x0000000777e7a5f8,0x0000000777e80000)
  to   space 9216K, 0% used [0x0000000778100000,0x0000000778100000,0x0000000778a00000)
 ParOldGen       total 97280K, used 5778K [0x00000006c0800000, 0x00000006c6700000, 0x000000076ad80000)
  object space 97280K, 5% used [0x00000006c0800000,0x00000006c0da4a58,0x00000006c6700000)
 Metaspace       used 34152K, capacity 35982K, committed 36048K, reserved 1081344K
  class space    used 4595K, capacity 4973K, committed 4992K, reserved 1048576K
}
Event: 2.970 GC heap before
{Heap before GC invocations=9 (full 2):
 PSYoungGen      total 213504K, used 11753K [0x000000076ad80000, 0x0000000778a00000, 0x00000007c0000000)
  eden space 201728K, 0% used [0x000000076ad80000,0x000000076ad80000,0x0000000777280000)
  from space 11776K, 99% used [0x0000000777300000,0x0000000777e7a5f8,0x0000000777e80000)
  to   space 9216K, 0% used [0x0000000778100000,0x0000000778100000,0x0000000778a00000)
 ParOldGen       total 97280K, used 5778K [0x00000006c0800000, 0x00000006c6700000, 0x000000076ad80000)
  object space 97280K, 5% used [0x00000006c0800000,0x00000006c0da4a58,0x00000006c6700000)
 Metaspace       used 34152K, capacity 35982K, committed 36048K, reserved 1081344K
  class space    used 4595K, capacity 4973K, committed 4992K, reserved 1048576K
Event: 3.036 GC heap after
Heap after GC invocations=9 (full 2):
 PSYoungGen      total 213504K, used 0K [0x000000076ad80000, 0x0000000778a00000, 0x00000007c0000000)
  eden space 201728K, 0% used [0x000000076ad80000,0x000000076ad80000,0x0000000777280000)
  from space 11776K, 0% used [0x0000000777300000,0x0000000777300000,0x0000000777e80000)
  to   space 9216K, 0% used [0x0000000778100000,0x0000000778100000,0x0000000778a00000)
 ParOldGen       total 162816K, used 16377K [0x00000006c0800000, 0x00000006ca700000, 0x000000076ad80000)
  object space 162816K, 10% used [0x00000006c0800000,0x00000006c17fe600,0x00000006ca700000)
 Metaspace       used 34152K, capacity 35982K, committed 36048K, reserved 1081344K
  class space    used 4595K, capacity 4973K, committed 4992K, reserved 1048576K
}
Event: 3.899 GC heap before
{Heap before GC invocations=10 (full 2):
 PSYoungGen      total 213504K, used 114735K [0x000000076ad80000, 0x0000000778a00000, 0x00000007c0000000)
  eden space 201728K, 56% used [0x000000076ad80000,0x0000000771d8be60,0x0000000777280000)
  from space 11776K, 0% used [0x0000000777300000,0x0000000777300000,0x0000000777e80000)
  to   space 9216K, 0% used [0x0000000778100000,0x0000000778100000,0x0000000778a00000)
 ParOldGen       total 162816K, used 16377K [0x00000006c0800000, 0x00000006ca700000, 0x000000076ad80000)
  object space 162816K, 10% used [0x00000006c0800000,0x00000006c17fe600,0x00000006ca700000)
 Metaspace       used 44758K, capacity 46804K, committed 46976K, reserved 1097728K
  class space    used 6338K, capacity 6748K, committed 6784K, reserved 1048576K
Event: 3.906 GC heap after
Heap after GC invocations=10 (full 2):
 PSYoungGen      total 210944K, used 9207K [0x000000076ad80000, 0x0000000778a00000, 0x00000007c0000000)
  eden space 201728K, 0% used [0x000000076ad80000,0x000000076ad80000,0x0000000777280000)
  from space 9216K, 99% used [0x0000000778100000,0x00000007789fddf0,0x0000000778a00000)
  to   space 11776K, 0% used [0x0000000777300000,0x0000000777300000,0x0000000777e80000)
 ParOldGen       total 162816K, used 19491K [0x00000006c0800000, 0x00000006ca700000, 0x000000076ad80000)
  object space 162816K, 11% used [0x00000006c0800000,0x00000006c1b08ca0,0x00000006ca700000)
 Metaspace       used 44758K, capacity 46804K, committed 46976K, reserved 1097728K
  class space    used 6338K, capacity 6748K, committed 6784K, reserved 1048576K
}
Event: 3.906 GC heap before
{Heap before GC invocations=11 (full 3):
 PSYoungGen      total 210944K, used 9207K [0x000000076ad80000, 0x0000000778a00000, 0x00000007c0000000)
  eden space 201728K, 0% used [0x000000076ad80000,0x000000076ad80000,0x0000000777280000)
  from space 9216K, 99% used [0x0000000778100000,0x00000007789fddf0,0x0000000778a00000)
  to   space 11776K, 0% used [0x0000000777300000,0x0000000777300000,0x0000000777e80000)
 ParOldGen       total 162816K, used 19491K [0x00000006c0800000, 0x00000006ca700000, 0x000000076ad80000)
  object space 162816K, 11% used [0x00000006c0800000,0x00000006c1b08ca0,0x00000006ca700000)
 Metaspace       used 44758K, capacity 46804K, committed 46976K, reserved 1097728K
  class space    used 6338K, capacity 6748K, committed 6784K, reserved 1048576K
Event: 4.062 GC heap after
Heap after GC invocations=11 (full 3):
 PSYoungGen      total 210944K, used 0K [0x000000076ad80000, 0x0000000778a00000, 0x00000007c0000000)
  eden space 201728K, 0% used [0x000000076ad80000,0x000000076ad80000,0x0000000777280000)
  from space 9216K, 0% used [0x0000000778100000,0x0000000778100000,0x0000000778a00000)
  to   space 11776K, 0% used [0x0000000777300000,0x0000000777300000,0x0000000777e80000)
 ParOldGen       total 162816K, used 24892K [0x00000006c0800000, 0x00000006ca700000, 0x000000076ad80000)
  object space 162816K, 15% used [0x00000006c0800000,0x00000006c204f320,0x00000006ca700000)
 Metaspace       used 44758K, capacity 46804K, committed 46976K, reserved 1095680K
  class space    used 6338K, capacity 6748K, committed 6784K, reserved 1048576K
}

